<?xml version="1.0" encoding="UTF-8"?>
<testsuite name="com.burnt.mob.IntegrationTest" tests="1" skipped="0" failures="0" errors="0" timestamp="2025-12-16T23:19:12" hostname="invidia-2.local" time="12.918">
  <properties/>
  <testcase name="testSendFundsToAddress()" classname="com.burnt.mob.IntegrationTest" time="12.918"/>
  <system-out><![CDATA[
]]>&#x1f4b8;<![CDATA[ Testing fund transfer on XION testnet...

1️⃣  Test Configuration:
   ]]>&#x1f517;<![CDATA[ Chain: xion-testnet-2
   ]]>&#x1f4e1;<![CDATA[ RPC: https://rpc.xion-testnet-2.burnt.com:443
   ]]>&#x1f464;<![CDATA[ Sender: xion169cpdh6qvytmn05gx3craeal869p9wcrt7ld5y
   ]]>&#x1f3af;<![CDATA[ Recipient: xion14yy92ae8eq0q3ezy9nasumt65hwdgryvpkf0a4

2️⃣  Creating client with signer attached...
   ✅ Client connected with signer attached

3️⃣  Querying sender balance...
   ]]>&#x1f4b0;<![CDATA[ Current uxion balance: 958000 uxion

4️⃣  Preparing transaction...
   ]]>&#x1f4e4;<![CDATA[ Sending 1000 uxion to xion14yy92ae8eq0q3ezy9nasumt65hwdgryvpkf0a4
   ]]>&#x1f4dd;<![CDATA[ Memo: Test fund transfer from Kotlin

5️⃣  Broadcasting transaction...
   ✅ Transaction broadcast successful!
   ]]>&#x1f4dd;<![CDATA[ Transaction hash: F5D65ED1CE02673021A866A94FCBF19D98559814B0589A7D026912DD5D27161E
   ]]>&#x1f4ca;<![CDATA[ Code: 0
   ✅ Transaction accepted by mempool

6️⃣  Waiting for transaction confirmation (10 seconds)...

7️⃣  Querying transaction result...
   ✅ Transaction confirmed!
   ]]>&#x1f4ca;<![CDATA[ Final code: 0
   ⛽ Gas used: 79883
   ⛽ Gas wanted: 200000
   ]]>&#x1f4cf;<![CDATA[ Block height: 10747457

]]>&#x1f389;<![CDATA[ Fund transfer test completed!

]]></system-out>
  <system-err><![CDATA[]]></system-err>
</testsuite>
